<?xml version="1.0" encoding="UTF-8"?>
<!-- Generated by org.testng.reporters.JUnitXMLReporter -->
<testsuite ignored="0" hostname="MAVBCP3133" failures="0" tests="1" name="SampleTest" time="0.149" errors="0" timestamp="2021-09-28T10:56:32 IST">
  <testcase classname="mavselproject.RecorderScript" name="@BeforeTest setup" time="0.079">
    <failure type="java.lang.IllegalStateException" message="The driver executable does not exist: D:\Eclipse-WorkSpace -Maven-Selenium\mavenseleniumproject\src\test\java\Driverschromedriver.exe">
      <![CDATA[java.lang.IllegalStateException: The driver executable does not exist: D:\Eclipse-WorkSpace -Maven-Selenium\mavenseleniumproject\src\test\java\Driverschromedriver.exe
at com.google.common.base.Preconditions.checkState(Preconditions.java:585)
at org.openqa.selenium.remote.service.DriverService.checkExecutable(DriverService.java:146)
at org.openqa.selenium.remote.service.DriverService.findExecutable(DriverService.java:141)
at org.openqa.selenium.chrome.ChromeDriverService.access$000(ChromeDriverService.java:35)
at org.openqa.selenium.chrome.ChromeDriverService$Builder.findDefaultExecutable(ChromeDriverService.java:159)
at org.openqa.selenium.remote.service.DriverService$Builder.build(DriverService.java:355)
at org.openqa.selenium.chrome.ChromeDriverService.createDefaultService(ChromeDriverService.java:94)
at org.openqa.selenium.chrome.ChromeDriver.<init>(ChromeDriver.java:123)
at mavselproject.RecorderScript.setup(RecorderScript.java:43)
... Removed 24 stack frames]]>
    </failure>
  </testcase> <!-- @BeforeTest setup -->
  <testcase classname="mavselproject.RecorderScript" name="testParameterWithXML" time="0.0">
    <skipped/>
  </testcase> <!-- testParameterWithXML -->
</testsuite> <!-- SampleTest -->
