<?xml version="1.0" encoding="UTF-8"?>
<!-- Generated by org.testng.reporters.JUnitXMLReporter -->
<testsuite ignored="0" hostname="MAVBCP3133" failures="0" tests="1" name="FampleTest21" time="0.057" errors="0" timestamp="2021-09-28T10:55:38 IST">
  <testcase classname="mavselproject.RecorderScript" name="@BeforeTest setup" time="-1.632806738227E9">
    <failure type="org.testng.TestNGException" message="
Parameter &amp;apos;browser&amp;apos; is required by BeforeTest on method setup but has not been marked @Optional or defined
in D:\Eclipse-WorkSpace -Maven-Selenium\mavenseleniumproject\testng.xml">
      <![CDATA[org.testng.TestNGException: 
Parameter 'browser' is required by BeforeTest on method setup but has not been marked @Optional or defined
in D:\Eclipse-WorkSpace -Maven-Selenium\mavenseleniumproject\testng.xml
... Removed 21 stack frames]]>
    </failure>
  </testcase> <!-- @BeforeTest setup -->
  <testcase classname="mavselproject.RecorderScript" name="testParameterWithXML" time="0.0">
    <skipped/>
  </testcase> <!-- testParameterWithXML -->
</testsuite> <!-- FampleTest21 -->
